Top Monitoring Script Started at Fri May  2 06:07:49 PM UTC 2025
----------------------------------------

Timestamp: Fri May  2 06:07:49 PM UTC 2025
----------------------------------------
Memory Info:
MiB Mem :   1967.8 total,   1547.1 free,    475.2 used,     46.3 buff/cache     
MiB Swap:   1024.0 total,    978.1 free,     45.9 used.   1492.6 avail Mem 

Script Process (PID 3361):
   3361 user      20   0  270152 266240   3200 R 100.0  13.2   0:01.77 mem.bash

Top 5 Processes:
PID: 3361, Command: mem.bash
PID: 1, Command: systemd
PID: 2, Command: kthreadd
PID: 3, Command: pool_wo+
PID: 4, Command: kworker+

Timestamp: Fri May  2 06:07:50 PM UTC 2025
----------------------------------------
Memory Info:
MiB Mem :   1967.8 total,   1437.8 free,    584.5 used,     46.3 buff/cache     
MiB Swap:   1024.0 total,    978.1 free,     45.9 used.   1383.4 avail Mem 

Script Process (PID 3361):
   3361 user      20   0  379184 375296   3200 R 100.0  18.6   0:02.50 mem.bash

Top 5 Processes:
PID: 3361, Command: mem.bash
PID: 1, Command: systemd
PID: 2, Command: kthreadd
PID: 3, Command: pool_wo+
PID: 4, Command: kworker+

Timestamp: Fri May  2 06:07:50 PM UTC 2025
----------------------------------------
Memory Info:
MiB Mem :   1967.8 total,   1335.7 free,    686.4 used,     46.8 buff/cache     
MiB Swap:   1024.0 total,    978.1 free,     45.9 used.   1281.4 avail Mem 

Script Process (PID 3361):
   3361 user      20   0  486236 482304   3200 R  91.7  23.9   0:03.23 mem.bash

Top 5 Processes:
PID: 3361, Command: mem.bash
PID: 1, Command: systemd
PID: 2, Command: kthreadd
PID: 3, Command: pool_wo+
PID: 4, Command: kworker+

Timestamp: Fri May  2 06:07:51 PM UTC 2025
----------------------------------------
Memory Info:
MiB Mem :   1967.8 total,   1225.7 free,    796.4 used,     46.8 buff/cache     
MiB Swap:   1024.0 total,    978.1 free,     45.9 used.   1171.5 avail Mem 

Script Process (PID 3361):
   3361 user      20   0  598040 594048   3200 R  91.7  29.5   0:03.96 mem.bash

Top 5 Processes:
PID: 3361, Command: mem.bash
PID: 1, Command: systemd
PID: 2, Command: kthreadd
PID: 3, Command: pool_wo+
PID: 4, Command: kworker+

Timestamp: Fri May  2 06:07:52 PM UTC 2025
----------------------------------------
Memory Info:
MiB Mem :   1967.8 total,   1108.8 free,    913.3 used,     46.8 buff/cache     
MiB Swap:   1024.0 total,    978.1 free,     45.9 used.   1054.6 avail Mem 

Script Process (PID 3361):
   3361 user      20   0  717104 713216   3200 R  83.3  35.4   0:04.71 mem.bash

Top 5 Processes:
PID: 3361, Command: mem.bash
PID: 1, Command: systemd
PID: 2, Command: kthreadd
PID: 3, Command: pool_wo+
PID: 4, Command: kworker+

Timestamp: Fri May  2 06:07:52 PM UTC 2025
----------------------------------------
Memory Info:
MiB Mem :   1967.8 total,    998.8 free,   1023.3 used,     46.8 buff/cache     
MiB Swap:   1024.0 total,    978.1 free,     45.9 used.    944.6 avail Mem 

Script Process (PID 3361):
   3361 user      20   0  832736 828672   3200 R 100.0  41.1   0:05.45 mem.bash

Top 5 Processes:
PID: 3361, Command: mem.bash
PID: 1, Command: systemd
PID: 2, Command: kthreadd
PID: 3, Command: pool_wo+
PID: 4, Command: kworker+

Timestamp: Fri May  2 06:07:53 PM UTC 2025
----------------------------------------
Memory Info:
MiB Mem :   1967.8 total,    880.9 free,   1141.2 used,     46.8 buff/cache     
MiB Swap:   1024.0 total,    978.1 free,     45.9 used.    826.7 avail Mem 

Script Process (PID 3361):
   3361 user      20   0  945596 941696   3200 R 100.0  46.7   0:06.19 mem.bash

Top 5 Processes:
PID: 3361, Command: mem.bash
PID: 1, Command: systemd
PID: 2, Command: kthreadd
PID: 3, Command: pool_wo+
PID: 4, Command: kworker+

Timestamp: Fri May  2 06:07:54 PM UTC 2025
----------------------------------------
Memory Info:
MiB Mem :   1967.8 total,    764.0 free,   1258.0 used,     46.8 buff/cache     
MiB Swap:   1024.0 total,    978.1 free,     45.9 used.    709.8 avail Mem 

Script Process (PID 3361):
   3361 user      20   0 1064000   1.0g   3200 R 100.0  52.6   0:06.94 mem.bash

Top 5 Processes:
PID: 3361, Command: mem.bash
PID: 1, Command: systemd
PID: 2, Command: kthreadd
PID: 3, Command: pool_wo+
PID: 4, Command: kworker+

Timestamp: Fri May  2 06:07:55 PM UTC 2025
----------------------------------------
Memory Info:
MiB Mem :   1967.8 total,    652.3 free,   1369.8 used,     46.8 buff/cache     
MiB Swap:   1024.0 total,    978.1 free,     45.9 used.    598.1 avail Mem 

Script Process (PID 3361):
   3361 user      20   0 1181348   1.1g   3200 R  90.9  58.4   0:07.68 mem.bash

Top 5 Processes:
PID: 3361, Command: mem.bash
PID: 1, Command: systemd
PID: 2, Command: kthreadd
PID: 3, Command: pool_wo+
PID: 4, Command: kworker+

Timestamp: Fri May  2 06:07:55 PM UTC 2025
----------------------------------------
Memory Info:
MiB Mem :   1967.8 total,    535.4 free,   1486.7 used,     46.8 buff/cache     
MiB Swap:   1024.0 total,    978.1 free,     45.9 used.    481.2 avail Mem 

Script Process (PID 3361):
   3361 user      20   0 1296980   1.2g   3200 R  91.7  64.2   0:08.42 mem.bash

Top 5 Processes:
PID: 3361, Command: mem.bash
PID: 1, Command: systemd
PID: 2, Command: kthreadd
PID: 3, Command: pool_wo+
PID: 4, Command: kworker+

Timestamp: Fri May  2 06:07:56 PM UTC 2025
----------------------------------------
Memory Info:
MiB Mem :   1967.8 total,    441.1 free,   1580.9 used,     46.8 buff/cache     
MiB Swap:   1024.0 total,    978.1 free,     45.9 used.    386.9 avail Mem 

Script Process (PID 3361):
   3361 user      20   0 1391228   1.3g   3200 R 100.0  68.8   0:09.16 mem.bash

Top 5 Processes:
PID: 3361, Command: mem.bash
PID: 1488, Command: kworker+
PID: 1, Command: systemd
PID: 2, Command: kthreadd
PID: 3, Command: pool_wo+

Timestamp: Fri May  2 06:07:57 PM UTC 2025
----------------------------------------
Memory Info:
MiB Mem :   1967.8 total,    331.1 free,   1690.9 used,     46.8 buff/cache     
MiB Swap:   1024.0 total,    978.1 free,     45.9 used.    276.9 avail Mem 

Script Process (PID 3361):
   3361 user      20   0 1503164   1.4g   3200 R 100.0  74.4   0:09.89 mem.bash

Top 5 Processes:
PID: 3361, Command: mem.bash
PID: 1, Command: systemd
PID: 2, Command: kthreadd
PID: 3, Command: pool_wo+
PID: 4, Command: kworker+

Timestamp: Fri May  2 06:07:58 PM UTC 2025
----------------------------------------
Memory Info:
MiB Mem :   1967.8 total,    221.9 free,   1800.2 used,     46.8 buff/cache     
MiB Swap:   1024.0 total,    978.1 free,     45.9 used.    167.6 avail Mem 

Script Process (PID 3361):
   3361 user      20   0 1616948   1.5g   3200 R 100.0  80.0   0:10.61 mem.bash

Top 5 Processes:
PID: 3361, Command: mem.bash
PID: 1, Command: systemd
PID: 2, Command: kthreadd
PID: 3, Command: pool_wo+
PID: 4, Command: kworker+

Timestamp: Fri May  2 06:07:58 PM UTC 2025
----------------------------------------
Memory Info:
MiB Mem :   1967.8 total,    111.9 free,   1910.2 used,     46.8 buff/cache     
MiB Swap:   1024.0 total,    978.1 free,     45.9 used.     57.6 avail Mem 

Script Process (PID 3361):
   3361 user      20   0 1729544   1.6g   3200 R  90.9  85.6   0:11.35 mem.bash

Top 5 Processes:
PID: 3361, Command: mem.bash
PID: 1, Command: systemd
PID: 2, Command: kthreadd
PID: 3, Command: pool_wo+
PID: 4, Command: kworker+

Timestamp: Fri May  2 06:07:59 PM UTC 2025
----------------------------------------
Memory Info:
MiB Mem :   1967.8 total,     85.6 free,   1938.5 used,     42.6 buff/cache     
MiB Swap:   1024.0 total,    907.0 free,    117.0 used.     29.3 avail Mem 

Script Process (PID 3361):
   3361 user      20   0 1827488   1.7g   3200 R 100.0  86.9   0:12.07 mem.bash

Top 5 Processes:
PID: 3361, Command: mem.bash
PID: 1488, Command: kworker+
PID: 1, Command: systemd
PID: 2, Command: kthreadd
PID: 3, Command: pool_wo+

Timestamp: Fri May  2 06:08:00 PM UTC 2025
----------------------------------------
Memory Info:
MiB Mem :   1967.8 total,     90.4 free,   1934.4 used,     41.3 buff/cache     
MiB Swap:   1024.0 total,    814.6 free,    209.4 used.     33.4 avail Mem 

Script Process (PID 3361):
   3361 user      20   0 1922924   1.7g   3200 R 100.0  86.9   0:12.81 mem.bash

Top 5 Processes:
PID: 3361, Command: mem.bash
PID: 1, Command: systemd
PID: 2, Command: kthreadd
PID: 3, Command: pool_wo+
PID: 4, Command: kworker+

Timestamp: Fri May  2 06:08:01 PM UTC 2025
----------------------------------------
Memory Info:
MiB Mem :   1967.8 total,     63.9 free,   1960.9 used,     41.3 buff/cache     
MiB Swap:   1024.0 total,    742.9 free,    281.1 used.      6.9 avail Mem 

Script Process (PID 3361):
   3361 user      20   0 2017040   1.7g   3200 R 100.0  85.9   0:13.56 mem.bash

Top 5 Processes:
PID: 3361, Command: mem.bash
PID: 53, Command: kswapd0
PID: 1, Command: systemd
PID: 2, Command: kthreadd
PID: 3, Command: pool_wo+

Timestamp: Fri May  2 06:08:01 PM UTC 2025
----------------------------------------
Memory Info:
MiB Mem :   1967.8 total,     92.6 free,   1932.1 used,     41.5 buff/cache     
MiB Swap:   1024.0 total,    628.5 free,    395.5 used.     35.8 avail Mem 

Script Process (PID 3361):
   3361 user      20   0 2114060   1.7g   3200 R 100.0  86.4   0:14.28 mem.bash

Top 5 Processes:
PID: 3361, Command: mem.bash
PID: 53, Command: kswapd0
PID: 1, Command: systemd
PID: 2, Command: kthreadd
PID: 3, Command: pool_wo+

Timestamp: Fri May  2 06:08:02 PM UTC 2025
----------------------------------------
Memory Info:
MiB Mem :   1967.8 total,     78.1 free,   1946.5 used,     41.7 buff/cache     
MiB Swap:   1024.0 total,    546.4 free,    477.6 used.     21.3 avail Mem 

Script Process (PID 3361):
   3361 user      20   0 2209100   1.7g   3200 R 100.0  86.4   0:15.01 mem.bash

Top 5 Processes:
PID: 3361, Command: mem.bash
PID: 53, Command: kswapd0
PID: 1488, Command: kworker+
PID: 1, Command: systemd
PID: 2, Command: kthreadd

Timestamp: Fri May  2 06:08:03 PM UTC 2025
----------------------------------------
Memory Info:
MiB Mem :   1967.8 total,     74.3 free,   1950.1 used,     42.0 buff/cache     
MiB Swap:   1024.0 total,    447.5 free,    576.5 used.     17.7 avail Mem 

Script Process (PID 3361):
   3361 user      20   0 2309552   1.7g   3200 R 100.0  87.0   0:15.76 mem.bash

Top 5 Processes:
PID: 3361, Command: mem.bash
PID: 53, Command: kswapd0
PID: 362, Command: systemd+
PID: 1310, Command: upowerd
PID: 1, Command: systemd

Timestamp: Fri May  2 06:08:04 PM UTC 2025
----------------------------------------
Memory Info:
MiB Mem :   1967.8 total,     77.6 free,   1946.7 used,     42.2 buff/cache     
MiB Swap:   1024.0 total,    355.0 free,    669.0 used.     21.1 avail Mem 

Script Process (PID 3361):
   3361 user      20   0 2397596   1.6g   3200 R 100.0  85.5   0:16.49 mem.bash

Top 5 Processes:
PID: 3361, Command: mem.bash
PID: 53, Command: kswapd0
PID: 1, Command: systemd
PID: 2, Command: kthreadd
PID: 3, Command: pool_wo+

Timestamp: Fri May  2 06:08:04 PM UTC 2025
----------------------------------------
Memory Info:
MiB Mem :   1967.8 total,     77.3 free,   1947.0 used,     42.4 buff/cache     
MiB Swap:   1024.0 total,    274.3 free,    749.7 used.     20.8 avail Mem 

Script Process (PID 3361):
   3361 user      20   0 2488280   1.7g   3200 R 100.0  86.8   0:17.22 mem.bash

Top 5 Processes:
PID: 3361, Command: mem.bash
PID: 53, Command: kswapd0
PID: 1, Command: systemd
PID: 2, Command: kthreadd
PID: 3, Command: pool_wo+

Timestamp: Fri May  2 06:08:05 PM UTC 2025
----------------------------------------
Memory Info:
MiB Mem :   1967.8 total,     80.1 free,   1944.1 used,     42.6 buff/cache     
MiB Swap:   1024.0 total,    176.3 free,    847.7 used.     23.7 avail Mem 

Script Process (PID 3361):
   3361 user      20   0 2582660   1.7g   3200 R 100.0  86.8   0:17.96 mem.bash

Top 5 Processes:
PID: 3361, Command: mem.bash
PID: 53, Command: kswapd0
PID: 1, Command: systemd
PID: 2, Command: kthreadd
PID: 3, Command: pool_wo+

Timestamp: Fri May  2 06:08:06 PM UTC 2025
----------------------------------------
Memory Info:
MiB Mem :   1967.8 total,     87.3 free,   1937.6 used,     40.9 buff/cache     
MiB Swap:   1024.0 total,     93.2 free,    930.8 used.     30.2 avail Mem 

Script Process (PID 3361):
   3361 user      20   0 2679548   1.7g   3200 R  91.7  87.7   0:18.69 mem.bash

Top 5 Processes:
PID: 3361, Command: mem.bash
PID: 1, Command: systemd
PID: 2, Command: kthreadd
PID: 3, Command: pool_wo+
PID: 4, Command: kworker+

Timestamp: Fri May  2 06:08:08 PM UTC 2025
----------------------------------------
Memory Info:
MiB Mem :   1967.8 total,   1786.4 free,    243.4 used,     31.5 buff/cache     
MiB Swap:   1024.0 total,    978.4 free,     45.6 used.   1724.5 avail Mem 

Script Process (PID 3361):


Top 5 Processes:
PID: 3742, Command: top
PID: 1, Command: systemd
PID: 2, Command: kthreadd
PID: 3, Command: pool_wo+
PID: 4, Command: kworker+
